<?xml version="1.0" encoding="UTF-8"?>
<!-- Generated by org.testng.reporters.JUnitReportReporter -->
<testsuite hostname="DESKTOP-20G0H2Q" failures="0" tests="1" name="day1.HeaderDemo" time="1.705" errors="0" timestamp="2024-03-05T13:26:35 IST" skipped="0">
  <testcase classname="day1.HeaderDemo" name="testHeadres" time="1.705"/>
  <system-out/>
</testsuite> <!-- day1.HeaderDemo -->
