<?xml version="1.0" encoding="UTF-8"?>
<!-- Generated by org.testng.reporters.JUnitReportReporter -->
<testsuite hostname="DESKTOP-20G0H2Q" failures="0" tests="1" name="day1.PathAndQueryParam" time="1.818" errors="0" timestamp="2024-03-03T21:58:48 IST" skipped="0">
  <testcase classname="day1.PathAndQueryParam" name="testPathAndQueryParam" time="1.818"/>
  <system-out/>
</testsuite> <!-- day1.PathAndQueryParam -->
