<?xml version="1.0" encoding="UTF-8"?>
<!-- Generated by org.testng.reporters.JUnitReportReporter -->
<testsuite hostname="DESKTOP-20G0H2Q" failures="0" tests="1" name="day1.DiffWaysTocCreatePostRestBody" time="2.740" errors="0" timestamp="2024-03-03T20:53:20 IST" skipped="0">
  <testcase classname="day1.DiffWaysTocCreatePostRestBody" name="testPostUsingJsonFile" time="2.740"/>
  <system-out/>
</testsuite> <!-- day1.DiffWaysTocCreatePostRestBody -->
