<?xml version="1.0" encoding="UTF-8"?>
<!-- Generated by org.testng.reporters.JUnitReportReporter -->
<testsuite hostname="DESKTOP-20G0H2Q" failures="0" tests="1" name="day1.CookiesHeaderDemo" time="1.669" errors="0" timestamp="2024-03-05T13:11:11 IST" skipped="0">
  <testcase classname="day1.CookiesHeaderDemo" name="testCookiesInfo" time="1.669"/>
  <system-out/>
</testsuite> <!-- day1.CookiesHeaderDemo -->
